This is pdfTeX, Version 3.14159265-2.6-1.40.16 (TeX Live 2015/Debian) (preloaded format=pdflatex 2016.3.22)  28 MAR 2016 15:25
entering extended mode
 restricted \write18 enabled.
 file:line:error style messages enabled.
 %&-line parsing enabled.
**\input project1-design.tex
(./project1-design.tex
(/usr/share/texlive/texmf-dist/tex/latex/base/article.cls
Document Class: article 2014/09/29 v1.4h Standard LaTeX document class
(/usr/share/texlive/texmf-dist/tex/latex/base/size10.clo
File: size10.clo 2014/09/29 v1.4h Standard LaTeX file (size option)
)
\c@part=\count79
\c@section=\count80
\c@subsection=\count81
\c@subsubsection=\count82
\c@paragraph=\count83
\c@subparagraph=\count84
\c@figure=\count85
\c@table=\count86
\abovecaptionskip=\skip41
\belowcaptionskip=\skip42
\bibindent=\dimen102
)
(/usr/share/texlive/texmf-dist/tex/latex/algorithmicx/algpseudocode.sty
Package: algpseudocode 

(/usr/share/texlive/texmf-dist/tex/latex/base/ifthen.sty
Package: ifthen 2014/09/29 v1.1c Standard LaTeX ifthen package (DPC)
)
(/usr/share/texlive/texmf-dist/tex/latex/algorithmicx/algorithmicx.sty
Package: algorithmicx 2005/04/27 v1.2 Algorithmicx

Document Style algorithmicx 1.2 - a greatly improved `algorithmic' style
\c@ALG@line=\count87
\c@ALG@rem=\count88
\c@ALG@nested=\count89
\ALG@tlm=\skip43
\ALG@thistlm=\skip44
\c@ALG@Lnr=\count90
\c@ALG@blocknr=\count91
\c@ALG@storecount=\count92
\c@ALG@tmpcounter=\count93
\ALG@tmplength=\skip45
)
Document Style - pseudocode environments for use with the `algorithmicx' style
) (/usr/share/texlive/texmf-dist/tex/latex/tools/array.sty
Package: array 2014/10/28 v2.4c Tabular extension package (FMi)
\col@sep=\dimen103
\extrarowheight=\dimen104
\NC@list=\toks14
\extratabsurround=\skip46
\backup@length=\skip47
)
(./project1-design.aux)
\openout1 = `project1-design.aux'.

LaTeX Font Info:    Checking defaults for OML/cmm/m/it on input line 9.
LaTeX Font Info:    ... okay on input line 9.
LaTeX Font Info:    Checking defaults for T1/cmr/m/n on input line 9.
LaTeX Font Info:    ... okay on input line 9.
LaTeX Font Info:    Checking defaults for OT1/cmr/m/n on input line 9.
LaTeX Font Info:    ... okay on input line 9.
LaTeX Font Info:    Checking defaults for OMS/cmsy/m/n on input line 9.
LaTeX Font Info:    ... okay on input line 9.
LaTeX Font Info:    Checking defaults for OMX/cmex/m/n on input line 9.
LaTeX Font Info:    ... okay on input line 9.
LaTeX Font Info:    Checking defaults for U/cmr/m/n on input line 9.
LaTeX Font Info:    ... okay on input line 9.
LaTeX Font Info:    External font `cmex10' loaded for size
(Font)              <12> on input line 10.
LaTeX Font Info:    External font `cmex10' loaded for size
(Font)              <8> on input line 10.
LaTeX Font Info:    External font `cmex10' loaded for size
(Font)              <6> on input line 10.
LaTeX Font Info:    External font `cmex10' loaded for size
(Font)              <7> on input line 17.
LaTeX Font Info:    External font `cmex10' loaded for size
(Font)              <5> on input line 17.
 [1

{/var/lib/texmf/fonts/map/pdftex/updmap/pdftex.map}]
Overfull \hbox (21.52296pt too wide) in paragraph at lines 106--107
[] \OT1/cmr/m/n/10 user[]prop neg[]mods = user[]prop(question.mods.time, ques-t
ion.mods.money
 []

[2]
LaTeX Font Info:    External font `cmex10' loaded for size
(Font)              <9> on input line 114.

Underfull \hbox (badness 10000) in paragraph at lines 116--116
[]|\OT1/cmr/bx/n/9 start
 []


Underfull \hbox (badness 10000) in paragraph at lines 117--117
[]|\OT1/cmr/bx/n/9 display
 []


Underfull \hbox (badness 10000) in paragraph at lines 117--117
\OT1/cmr/bx/n/9 high
 []


Underfull \hbox (badness 10000) in paragraph at lines 117--117
[]|\OT1/cmr/bx/n/9 write
 []


Underfull \hbox (badness 10000) in paragraph at lines 117--117
\OT1/cmr/bx/n/9 high
 []


Underfull \hbox (badness 10000) in paragraph at lines 118--119
[]|\OT1/cmr/bx/n/9 display
 []


Underfull \hbox (badness 10000) in paragraph at lines 118--119
\OT1/cmr/bx/n/9 char-ac-
 []


Underfull \hbox (badness 10000) in paragraph at lines 121--121
[]|\OT1/cmr/m/n/9 Tester
 []


Underfull \hbox (badness 10000) in paragraph at lines 121--121
\OT1/cmr/m/n/9 should
 []


Underfull \hbox (badness 10000) in paragraph at lines 121--121
\OT1/cmr/m/n/9 menu is
 []


Underfull \hbox (badness 10000) in paragraph at lines 122--122
[]|\OT1/cmr/m/n/9 Tester
 []


Underfull \hbox (badness 10000) in paragraph at lines 122--122
\OT1/cmr/m/n/9 should
 []


Underfull \hbox (badness 10000) in paragraph at lines 122--122
\OT1/cmr/m/n/9 menu is
 []


Underfull \hbox (badness 10000) in paragraph at lines 123--123
[]|\OT1/cmr/m/n/9 Tester
 []


Underfull \hbox (badness 10000) in paragraph at lines 123--123
\OT1/cmr/m/n/9 should
 []


Underfull \hbox (badness 10000) in paragraph at lines 123--123
\OT1/cmr/m/n/9 the high
 []


Underfull \hbox (badness 1137) in paragraph at lines 123--123
\OT1/cmr/m/n/9 scores are
 []


Underfull \hbox (badness 10000) in paragraph at lines 124--126
[]|\OT1/cmr/m/n/9 Tester
 []


Underfull \hbox (badness 10000) in paragraph at lines 124--126
\OT1/cmr/m/n/9 should
 []


Underfull \hbox (badness 10000) in paragraph at lines 124--126
\OT1/cmr/m/n/9 high
 []


Underfull \hbox (badness 1137) in paragraph at lines 124--126
\OT1/cmr/m/n/9 scores are
 []


Underfull \hbox (badness 10000) in paragraph at lines 124--126
\OT1/cmr/m/n/9 dis-played.
 []


Underfull \hbox (badness 10000) in paragraph at lines 124--126
\OT1/cmr/m/n/9 (With
 []


Underfull \hbox (badness 10000) in paragraph at lines 124--126
\OT1/cmr/m/n/9 de-fault
 []


Underfull \hbox (badness 10000) in paragraph at lines 124--126
\OT1/cmr/m/n/9 Chase:
 []


Underfull \hbox (badness 10000) in paragraph at lines 124--126
\OT1/cmr/m/n/9 Score:3
 []


Underfull \hbox (badness 3168) in paragraph at lines 124--126
\OT1/cmr/m/n/9 Score: 5
 []


Underfull \hbox (badness 10000) in paragraph at lines 127--128
[]|\OT1/cmr/m/n/9 Tester
 []


Underfull \hbox (badness 10000) in paragraph at lines 127--128
\OT1/cmr/m/n/9 should
 []


Underfull \hbox (badness 10000) in paragraph at lines 127--128
\OT1/cmr/m/n/9 prop-erly
 []


Underfull \hbox (badness 10000) in paragraph at lines 130--130
[]|\OT1/cmr/m/n/9 Tester
 []


Underfull \hbox (badness 10000) in paragraph at lines 130--130
\OT1/cmr/m/n/9 should
 []


Underfull \hbox (badness 10000) in paragraph at lines 130--130
\OT1/cmr/m/n/9 ver-ify
 []


Underfull \hbox (badness 3209) in paragraph at lines 130--130
\OT1/cmr/m/n/9 that each
 []


Underfull \hbox (badness 10000) in paragraph at lines 130--130
\OT1/cmr/m/n/9 com-mand
 []


Underfull \hbox (badness 10000) in paragraph at lines 130--130
\OT1/cmr/m/n/9 does ap-
 []


Underfull \hbox (badness 10000) in paragraph at lines 130--130
\OT1/cmr/m/n/9 pro-pri-ate
 []


Underfull \hbox (badness 10000) in paragraph at lines 131--131
[]|\OT1/cmr/m/n/9 Tester
 []


Underfull \hbox (badness 10000) in paragraph at lines 131--131
\OT1/cmr/m/n/9 should
 []


Underfull \hbox (badness 10000) in paragraph at lines 131--131
\OT1/cmr/m/n/9 ver-ify
 []


Underfull \hbox (badness 3209) in paragraph at lines 131--131
\OT1/cmr/m/n/9 that each
 []


Underfull \hbox (badness 10000) in paragraph at lines 131--131
\OT1/cmr/m/n/9 com-mand
 []


Underfull \hbox (badness 10000) in paragraph at lines 131--131
\OT1/cmr/m/n/9 does ap-
 []


Underfull \hbox (badness 10000) in paragraph at lines 131--131
\OT1/cmr/m/n/9 pro-pri-ate
 []


Underfull \hbox (badness 10000) in paragraph at lines 134--135
[]|\OT1/cmr/m/n/9 Tester
 []


Underfull \hbox (badness 10000) in paragraph at lines 134--135
\OT1/cmr/m/n/9 should
 []


Underfull \hbox (badness 10000) in paragraph at lines 134--135
\OT1/cmr/m/n/9 game-
 []


Underfull \hbox (badness 6236) in paragraph at lines 134--135
\OT1/cmr/m/n/9 play user
 []


Underfull \hbox (badness 10000) in paragraph at lines 134--135
\OT1/cmr/m/n/9 statis-
 []


Underfull \hbox (badness 10000) in paragraph at lines 134--135
\OT1/cmr/m/n/9 tics have
 []


Underfull \hbox (badness 10000) in paragraph at lines 137--137
[]|\OT1/cmr/m/n/9 Tester
 []


Underfull \hbox (badness 10000) in paragraph at lines 137--137
\OT1/cmr/m/n/9 should
 []


Underfull \hbox (badness 10000) in paragraph at lines 137--137
\OT1/cmr/m/n/9 ver-ify
 []


Underfull \hbox (badness 10000) in paragraph at lines 137--137
\OT1/cmr/m/n/9 that a
 []


Underfull \hbox (badness 10000) in paragraph at lines 137--137
\OT1/cmr/m/n/9 non-menu
 []


Underfull \hbox (badness 10000) in paragraph at lines 137--137
\OT1/cmr/m/n/9 com-mand
 []


Underfull \hbox (badness 10000) in paragraph at lines 137--137
\OT1/cmr/m/n/9 brings
 []


Underfull \hbox (badness 10000) in paragraph at lines 137--137
\OT1/cmr/m/n/9 up mes-
 []


Underfull \hbox (badness 10000) in paragraph at lines 137--137
\OT1/cmr/m/n/9 sage and
 []


Underfull \hbox (badness 10000) in paragraph at lines 137--137
\OT1/cmr/m/n/9 re-peats
 []


Underfull \hbox (badness 10000) in paragraph at lines 138--138
[]|\OT1/cmr/m/n/9 Tester
 []


Underfull \hbox (badness 10000) in paragraph at lines 138--138
\OT1/cmr/m/n/9 should
 []


Underfull \hbox (badness 10000) in paragraph at lines 138--138
\OT1/cmr/m/n/9 ver-ify
 []


Underfull \hbox (badness 10000) in paragraph at lines 138--138
\OT1/cmr/m/n/9 that a
 []


Underfull \hbox (badness 10000) in paragraph at lines 138--138
\OT1/cmr/m/n/9 non-menu
 []


Underfull \hbox (badness 10000) in paragraph at lines 138--138
\OT1/cmr/m/n/9 com-mand
 []


Underfull \hbox (badness 10000) in paragraph at lines 138--138
\OT1/cmr/m/n/9 brings
 []


Underfull \hbox (badness 10000) in paragraph at lines 138--138
\OT1/cmr/m/n/9 up mes-
 []


Underfull \hbox (badness 10000) in paragraph at lines 138--138
\OT1/cmr/m/n/9 sage and
 []


Underfull \hbox (badness 10000) in paragraph at lines 138--138
\OT1/cmr/m/n/9 re-peats
 []

[3] (./project1-design.aux) ) 
Here is how much of TeX's memory you used:
 818 strings out of 493085
 10790 string characters out of 6136917
 68503 words of memory out of 5000000
 4359 multiletter control sequences out of 15000+600000
 9109 words of font info for 32 fonts, out of 8000000 for 9000
 1141 hyphenation exceptions out of 8191
 27i,9n,18p,286b,237s stack positions out of 5000i,500n,10000p,200000b,80000s
</usr/share/texlive/texmf-dist/fonts/type1/public/
amsfonts/cm/cmbx10.pfb></usr/share/texlive/texmf-dist/fonts/type1/public/amsfon
ts/cm/cmbx12.pfb></usr/share/texlive/texmf-dist/fonts/type1/public/amsfonts/cm/
cmbx9.pfb></usr/share/texlive/texmf-dist/fonts/type1/public/amsfonts/cm/cmcsc10
.pfb></usr/share/texlive/texmf-dist/fonts/type1/public/amsfonts/cm/cmmi10.pfb><
/usr/share/texlive/texmf-dist/fonts/type1/public/amsfonts/cm/cmr10.pfb></usr/sh
are/texlive/texmf-dist/fonts/type1/public/amsfonts/cm/cmr12.pfb></usr/share/tex
live/texmf-dist/fonts/type1/public/amsfonts/cm/cmr17.pfb></usr/share/texlive/te
xmf-dist/fonts/type1/public/amsfonts/cm/cmr9.pfb>
Output written on project1-design.pdf (3 pages, 109688 bytes).
PDF statistics:
 50 PDF objects out of 1000 (max. 8388607)
 35 compressed objects within 1 object stream
 0 named destinations out of 1000 (max. 500000)
 1 words of extra memory for PDF output out of 10000 (max. 10000000)

